<?xml version="1.0" encoding="UTF-8"?>
<!-- Generated by org.testng.reporters.JUnitReportReporter -->
<testsuite hostname="LAPTOP-4OO46HC2" failures="0" tests="9" name="Tests.testBookmarksScreen" time="263.007" errors="0" timestamp="2023-04-19T22:21:11 ART" skipped="0">
  <testcase classname="Tests.testBookmarksScreen" name="basicOnboarding" time="12.678"/>
  <system-out/>
  <testcase classname="Tests.testBookmarksScreen" name="validateBookmarksHeader" time="41.656"/>
  <system-out/>
  <testcase classname="Tests.testBookmarksScreen" name="validateBookmarksTextEmptyScreen" time="0.170"/>
  <system-out/>
  <testcase classname="Tests.testBookmarksScreen" name="validateSignInFromBookmarksScreen" time="42.639"/>
  <system-out/>
  <testcase classname="Tests.testBookmarksScreen" name="bookmarkArticle" time="40.247"/>
  <system-out/>
  <testcase classname="Tests.testBookmarksScreen" name="validateArticleIsAddedIntoBookmarksFeed" time="44.800"/>
  <system-out/>
  <testcase classname="Tests.testBookmarksScreen" name="validateUnbookmarkPage" time="40.141"/>
  <system-out/>
  <testcase classname="Tests.testBookmarksScreen" name="validateBookmarksEmptyState" time="40.585"/>
  <system-out/>
  <testcase classname="Tests.testBookmarksScreen" name="validateLoginElementsInMySettings" time="0.091"/>
  <system-out/>
</testsuite> <!-- Tests.testBookmarksScreen -->
