<?xml version="1.0" encoding="UTF-8"?>
<!-- Generated by org.testng.reporters.JUnitReportReporter -->
<testsuite hostname="LAPTOP-4OO46HC2" failures="0" tests="1" name="Tests.FullOnboardingAndGoogleSignIn" time="8.113" errors="0" timestamp="2023-03-21T10:44:42 ART" skipped="0">
  <testcase classname="Tests.FullOnboardingAndGoogleSignIn" name="signInWithGoogle" time="8.113"/>
  <system-out/>
</testsuite> <!-- Tests.FullOnboardingAndGoogleSignIn -->
