<?xml version="1.0" encoding="UTF-8"?>
<!-- Generated by org.testng.reporters.JUnitReportReporter -->
<testsuite hostname="LAPTOP-4OO46HC2" failures="0" tests="3" name="Tests.testAlertsScreen" time="6.111" errors="0" timestamp="2023-06-05T17:32:59 ART" skipped="0">
  <testcase classname="Tests.testAlertsScreen" name="basicOnboarding" time="6.108"/>
  <system-out/>
  <testcase classname="Tests.testAlertsScreen" name="validateAlertsScreenElements" time="0.002"/>
  <system-out/>
  <testcase classname="Tests.testAlertsScreen" name="validateAlertDisplays" time="0.001"/>
  <system-out/>
</testsuite> <!-- Tests.testAlertsScreen -->
