<?xml version="1.0" encoding="UTF-8"?>
<!-- Generated by org.testng.reporters.JUnitReportReporter -->
<testsuite hostname="LAPTOP-4OO46HC2" failures="0" tests="17" name="Tests.FullOnboardingAndFacebookSignIn" time="34.751" errors="0" timestamp="2023-03-21T10:40:35 ART" skipped="0">
  <testcase classname="Tests.FullOnboardingAndFacebookSignIn" name="testHPLogoIsDisplayed" time="2.489"/>
  <system-out/>
  <testcase classname="Tests.FullOnboardingAndFacebookSignIn" name="validatePrivacyTitleIsDisplayed" time="0.088"/>
  <system-out/>
  <testcase classname="Tests.FullOnboardingAndFacebookSignIn" name="validatePrivacyDescriptionIsDisplayed" time="0.087"/>
  <system-out/>
  <testcase classname="Tests.FullOnboardingAndFacebookSignIn" name="tapOnAgreeBtn" time="0.158"/>
  <system-out/>
  <testcase classname="Tests.FullOnboardingAndFacebookSignIn" name="validateEditionScreenImageIsDisplayed" time="1.116"/>
  <system-out/>
  <testcase classname="Tests.FullOnboardingAndFacebookSignIn" name="validateSelectYourEditionTitleIsDisplayed" time="0.150"/>
  <system-out/>
  <testcase classname="Tests.FullOnboardingAndFacebookSignIn" name="validateSelectEditionText" time="0.177"/>
  <system-out/>
  <testcase classname="Tests.FullOnboardingAndFacebookSignIn" name="validateEditionScreenDisplays" time="1.585"/>
  <system-out/>
  <testcase classname="Tests.FullOnboardingAndFacebookSignIn" name="validateTappingONUseMyLocationBtn" time="1.244"/>
  <system-out/>
  <testcase classname="Tests.FullOnboardingAndFacebookSignIn" name="setValidateAlertsDontMissAThing" time="0.789"/>
  <system-out/>
  <testcase classname="Tests.FullOnboardingAndFacebookSignIn" name="validateSettingAlerts" time="5.364"/>
  <system-out/>
  <testcase classname="Tests.FullOnboardingAndFacebookSignIn" name="validateJoinHuffpostScreen" time="1.195"/>
  <system-out/>
  <testcase classname="Tests.FullOnboardingAndFacebookSignIn" name="tapOnJoinHuffpostBtn" time="0.204"/>
  <system-out/>
  <testcase classname="Tests.FullOnboardingAndFacebookSignIn" name="validateJoinHuffpostCommunityScreenElements" time="4.981"/>
  <system-out/>
  <testcase classname="Tests.FullOnboardingAndFacebookSignIn" name="validateSignInWithFacebook" time="14.368"/>
  <system-out/>
  <testcase classname="Tests.FullOnboardingAndFacebookSignIn" name="validateHomeElements" time="0.000"/>
  <system-out/>
  <testcase classname="Tests.FullOnboardingAndFacebookSignIn" name="validateJumpIntoSignInScreen" time="0.756"/>
  <system-out/>
</testsuite> <!-- Tests.FullOnboardingAndFacebookSignIn -->
